[debug] [2026-05-01T05:06:21.924Z] ----------------------------------------------------------------------
[debug] [2026-05-01T05:06:21.926Z] Command:       C:\Program Files\nodejs\node.exe C:\Users\Admin\AppData\Roaming\npm\node_modules\firebase-tools\lib\bin\firebase.js init
[debug] [2026-05-01T05:06:21.927Z] CLI Version:   15.16.0
[debug] [2026-05-01T05:06:21.927Z] Platform:      win32
[debug] [2026-05-01T05:06:21.927Z] Node Version:  v24.15.0
[debug] [2026-05-01T05:06:21.927Z] Time:          Fri May 01 2026 12:06:21 GMT+0700 (Western Indonesia Time)
[debug] [2026-05-01T05:06:21.927Z] ----------------------------------------------------------------------
[debug] 
[info] 
     ######## #### ########  ######## ########     ###     ######  ########
     ##        ##  ##     ## ##       ##     ##  ##   ##  ##       ##
     ######    ##  ########  ######   ########  #########  ######  ######
     ##        ##  ##    ##  ##       ##     ## ##     ##       ## ##
     ##       #### ##     ## ######## ########  ##     ##  ######  ########

You're about to initialize a Firebase project in this directory:

  C:\xampp\htdocs\patty-party

Before we get started, keep in mind:

  * You are currently outside your home directory

[info] 
=== Project Setup
[info] 
[info] First, let's associate this project directory with a Firebase project.
[info] You can create multiple project aliases by running firebase use --add, 
[info] 
[debug] [2026-05-01T05:07:09.032Z] > command requires scopes: ["email","openid","https://www.googleapis.com/auth/cloudplatformprojects.readonly","https://www.googleapis.com/auth/firebase","https://www.googleapis.com/auth/cloud-platform"]
[debug] [2026-05-01T05:07:09.032Z] > authorizing via signed-in user (ellen.florence@student.sgu.ac.id)
[debug] [2026-05-01T05:07:09.034Z] Checked if tokens are valid: true, expires at: 1777615156786
[debug] [2026-05-01T05:07:09.034Z] Checked if tokens are valid: true, expires at: 1777615156786
[debug] [2026-05-01T05:07:09.036Z] >>> [apiv2][query] GET https://firebase.googleapis.com/v1beta1/projects pageSize=100
[debug] [2026-05-01T05:07:09.683Z] <<< [apiv2][status] GET https://firebase.googleapis.com/v1beta1/projects 200
[debug] [2026-05-01T05:07:09.683Z] <<< [apiv2][body] GET https://firebase.googleapis.com/v1beta1/projects [omitted]
[info] 
=== Hosting Setup
[debug] [2026-05-01T05:27:03.974Z] Checked if tokens are valid: true, expires at: 1777615156786
[debug] [2026-05-01T05:27:03.974Z] Checked if tokens are valid: true, expires at: 1777615156786
[debug] [2026-05-01T05:27:03.974Z] >>> [apiv2][query] GET https://firebase.googleapis.com/v1beta1/projects/sgu-mobile-notification [none]
[debug] [2026-05-01T05:27:04.438Z] <<< [apiv2][status] GET https://firebase.googleapis.com/v1beta1/projects/sgu-mobile-notification 200
[debug] [2026-05-01T05:27:04.439Z] <<< [apiv2][body] GET https://firebase.googleapis.com/v1beta1/projects/sgu-mobile-notification {"projectId":"sgu-mobile-notification","projectNumber":"221057078203","displayName":"SGU-Mobile-Notification","name":"projects/sgu-mobile-notification","resources":{"hostingSite":"sgu-mobile-notification"},"state":"ACTIVE","etag":"1_6a202aec-dd4e-4a0d-95ef-1f1b1780955e"}
[info] 
[info] Your public directory is the folder (relative to your project directory) that
[info] will contain Hosting assets to be uploaded with firebase deploy. If you
[info] have a build process for your assets, use your build's output directory.
[info] 
[info] 
[info] i  Didn't detect a .git folder. Assuming C:\xampp\htdocs\patty-party is the project root. 
[info] i  Authorizing with GitHub to upload your service account to a GitHub repository's secrets store. 
[info] 
[info] Visit this URL on this device to log in:
[info] https://github.com/login/oauth/authorize?client_id=89cf50f02ac6aaed3484&state=598095565&redirect_uri=http%3A%2F%2Flocalhost%3A9005&scope=read%3Auser%20repo%20public_repo
[info] 
[info] Waiting for authentication...
